#
# There is insufficient memory for the Java Runtime Environment to continue.
# Native memory allocation (malloc) failed to allocate 1351872 bytes for Chunk::new
# Possible reasons:
#   The system is out of physical RAM or swap space
#   The process is running with CompressedOops enabled, and the Java Heap may be blocking the growth of the native heap
# Possible solutions:
#   Reduce memory load on the system
#   Increase physical memory or swap space
#   Check if swap backing store is full
#   Decrease Java heap size (-Xmx/-Xms)
#   Decrease number of Java threads
#   Decrease Java thread stack sizes (-Xss)
#   Set larger code cache with -XX:ReservedCodeCacheSize=
#   JVM is running with Zero Based Compressed Oops mode in which the Java heap is
#     placed in the first 32GB address space. The Java Heap base address is the
#     maximum limit for the native heap growth. Please use -XX:HeapBaseMinAddress
#     to set the Java Heap base and to place the Java Heap above 32GB virtual address.
# This output file may be truncated or incomplete.
#
#  Out of Memory Error (arena.cpp:168), pid=8012, tid=12876
#
# JRE version: Java(TM) SE Runtime Environment (21.0.6+8) (build 21.0.6+8-LTS-188)
# Java VM: Java HotSpot(TM) 64-Bit Server VM (21.0.6+8-LTS-188, mixed mode, sharing, tiered, compressed oops, compressed class ptrs, g1 gc, windows-amd64)
# No core dump will be written. Minidumps are not enabled by default on client versions of Windows
#

---------------  S U M M A R Y ------------

Command Line: -Dfile.encoding=UTF-8 -Dstdout.encoding=UTF-8 -Dstderr.encoding=UTF-8 -XX:+ShowCodeDetailsInExceptionMessages lotr.Logic.LotR

Host: 12th Gen Intel(R) Core(TM) i5-12500H, 16 cores, 15G,  Windows 11 , 64 bit Build 26100 (10.0.26100.4484)
Time: Sat Jul 19 18:31:01 2025 Central Europe Daylight Time elapsed time: 1.530282 seconds (0d 0h 0m 1s)

---------------  T H R E A D  ---------------

Current thread (0x0000013c227ba400):  JavaThread "C2 CompilerThread5" daemon [_thread_in_native, id=12876, stack(0x0000000ee7800000,0x0000000ee7900000) (1024K)]


Current CompileTask:
C2:   1530 1285       4       sun.security.ec.ECOperations::setDouble (463 bytes)

Stack: [0x0000000ee7800000,0x0000000ee7900000]
Native frames: (J=compiled Java code, j=interpreted, Vv=VM code, C=native code)
V  [jvm.dll+0x6ca6d9]
V  [jvm.dll+0x854f51]
V  [jvm.dll+0x85747e]
V  [jvm.dll+0x857b53]
V  [jvm.dll+0x27dcc6]
V  [jvm.dll+0xc4c2d]
V  [jvm.dll+0xc5163]
V  [jvm.dll+0x3b515c]
V  [jvm.dll+0x381855]
V  [jvm.dll+0x380cca]
V  [jvm.dll+0x246920]
V  [jvm.dll+0x245eff]
V  [jvm.dll+0x1c6d2e]
V  [jvm.dll+0x2554f9]
V  [jvm.dll+0x253a8a]
V  [jvm.dll+0x3ee576]
V  [jvm.dll+0x7ff2fb]
V  [jvm.dll+0x6c8dbd]
C  [ucrtbase.dll+0x37b0]
C  [KERNEL32.DLL+0x2e8d7]
C  [ntdll.dll+0x3c34c]


---------------  P R O C E S S  ---------------

Threads class SMR info:
_java_thread_list=0x0000013c22440bf0, length=24, elements={
0x0000013bdbd25700, 0x0000013bdbd26350, 0x0000013bdbd34950, 0x0000013bdc9410a0,
0x0000013bdc941910, 0x0000013bdbd484d0, 0x0000013bdbd49de0, 0x0000013bdc952d10,
0x0000013bdca0ad40, 0x0000013bdca0d3f0, 0x0000013bdcb1ecd0, 0x0000013bdcb1f900,
0x0000013bdcca8470, 0x0000013bdccaacb0, 0x0000013bdccab310, 0x0000013bdccb6450,
0x0000013bbc423430, 0x0000013bdccd94c0, 0x0000013bdccf4550, 0x0000013c221efa00,
0x0000013c222bc0e0, 0x0000013c2257ee10, 0x0000013c2257f4b0, 0x0000013c227ba400
}

Java Threads: ( => current thread )
  0x0000013bdbd25700 JavaThread "Reference Handler"          daemon [_thread_blocked, id=20136, stack(0x0000000ee6200000,0x0000000ee6300000) (1024K)]
  0x0000013bdbd26350 JavaThread "Finalizer"                  daemon [_thread_blocked, id=17228, stack(0x0000000ee6300000,0x0000000ee6400000) (1024K)]
  0x0000013bdbd34950 JavaThread "Signal Dispatcher"          daemon [_thread_blocked, id=9372, stack(0x0000000ee6400000,0x0000000ee6500000) (1024K)]
  0x0000013bdc9410a0 JavaThread "Attach Listener"            daemon [_thread_blocked, id=7004, stack(0x0000000ee6500000,0x0000000ee6600000) (1024K)]
  0x0000013bdc941910 JavaThread "Service Thread"             daemon [_thread_blocked, id=4932, stack(0x0000000ee6600000,0x0000000ee6700000) (1024K)]
  0x0000013bdbd484d0 JavaThread "Monitor Deflation Thread"   daemon [_thread_blocked, id=6872, stack(0x0000000ee6700000,0x0000000ee6800000) (1024K)]
  0x0000013bdbd49de0 JavaThread "C2 CompilerThread0"         daemon [_thread_blocked, id=18088, stack(0x0000000ee6800000,0x0000000ee6900000) (1024K)]
  0x0000013bdc952d10 JavaThread "C1 CompilerThread0"         daemon [_thread_blocked, id=19040, stack(0x0000000ee6900000,0x0000000ee6a00000) (1024K)]
  0x0000013bdca0ad40 JavaThread "C1 CompilerThread1"         daemon [_thread_blocked, id=15056, stack(0x0000000ee6a00000,0x0000000ee6b00000) (1024K)]
  0x0000013bdca0d3f0 JavaThread "C1 CompilerThread2"         daemon [_thread_blocked, id=19344, stack(0x0000000ee6b00000,0x0000000ee6c00000) (1024K)]
  0x0000013bdcb1ecd0 JavaThread "Notification Thread"        daemon [_thread_blocked, id=432, stack(0x0000000ee6c00000,0x0000000ee6d00000) (1024K)]
  0x0000013bdcb1f900 JavaThread "Common-Cleaner"             daemon [_thread_blocked, id=19704, stack(0x0000000ee6d00000,0x0000000ee6e00000) (1024K)]
  0x0000013bdcca8470 JavaThread "Java2D Disposer"            daemon [_thread_blocked, id=9112, stack(0x0000000ee6e00000,0x0000000ee6f00000) (1024K)]
  0x0000013bdccaacb0 JavaThread "AWT-Shutdown"                      [_thread_blocked, id=6576, stack(0x0000000ee6f00000,0x0000000ee7000000) (1024K)]
  0x0000013bdccab310 JavaThread "AWT-Windows"                daemon [_thread_in_native, id=10504, stack(0x0000000ee7000000,0x0000000ee7100000) (1024K)]
  0x0000013bdccb6450 JavaThread "AWT-EventQueue-0"                  [_thread_in_native, id=2512, stack(0x0000000ee7100000,0x0000000ee7200000) (1024K)]
  0x0000013bbc423430 JavaThread "DestroyJavaVM"                     [_thread_blocked, id=14508, stack(0x0000000ee5a00000,0x0000000ee5b00000) (1024K)]
  0x0000013bdccd94c0 JavaThread "mysql-cj-abandoned-connection-cleanup" daemon [_thread_blocked, id=8636, stack(0x0000000ee7200000,0x0000000ee7300000) (1024K)]
  0x0000013bdccf4550 JavaThread "C2 CompilerThread1"         daemon [_thread_blocked, id=20176, stack(0x0000000ee7300000,0x0000000ee7400000) (1024K)]
  0x0000013c221efa00 JavaThread "C1 CompilerThread3"         daemon [_thread_blocked, id=19448, stack(0x0000000ee7400000,0x0000000ee7500000) (1024K)]
  0x0000013c222bc0e0 JavaThread "C2 CompilerThread2"         daemon [_thread_blocked, id=14392, stack(0x0000000ee7500000,0x0000000ee7600000) (1024K)]
  0x0000013c2257ee10 JavaThread "C2 CompilerThread3"         daemon [_thread_blocked, id=2752, stack(0x0000000ee7600000,0x0000000ee7700000) (1024K)]
  0x0000013c2257f4b0 JavaThread "C2 CompilerThread4"         daemon [_thread_blocked, id=15308, stack(0x0000000ee7700000,0x0000000ee7800000) (1024K)]
=>0x0000013c227ba400 JavaThread "C2 CompilerThread5"         daemon [_thread_in_native, id=12876, stack(0x0000000ee7800000,0x0000000ee7900000) (1024K)]
Total: 24

Other Threads:
  0x0000013bdbd0ce90 VMThread "VM Thread"                           [id=1948, stack(0x0000000ee6100000,0x0000000ee6200000) (1024K)]
  0x0000013bdbcfa250 WatcherThread "VM Periodic Task Thread"        [id=18904, stack(0x0000000ee6000000,0x0000000ee6100000) (1024K)]
  0x0000013bbc489cc0 WorkerThread "GC Thread#0"                     [id=12700, stack(0x0000000ee5b00000,0x0000000ee5c00000) (1024K)]
  0x0000013bbc49b7f0 ConcurrentGCThread "G1 Main Marker"            [id=18940, stack(0x0000000ee5c00000,0x0000000ee5d00000) (1024K)]
  0x0000013bbc49d170 WorkerThread "G1 Conc#0"                       [id=1852, stack(0x0000000ee5d00000,0x0000000ee5e00000) (1024K)]
  0x0000013bdbbcb010 ConcurrentGCThread "G1 Refine#0"               [id=14140, stack(0x0000000ee5e00000,0x0000000ee5f00000) (1024K)]
  0x0000013bdbbcc840 ConcurrentGCThread "G1 Service"                [id=7228, stack(0x0000000ee5f00000,0x0000000ee6000000) (1024K)]
Total: 7

Threads with active compile tasks:
C1 CompilerThread1     1548 1430       3       java.util.ArrayDeque::addLast (51 bytes)
C2 CompilerThread5     1548 1285       4       sun.security.ec.ECOperations::setDouble (463 bytes)
Total: 2

VM state: not at safepoint (normal execution)

VM Mutex/Monitor currently owned by a thread: None

Heap address: 0x0000000704c00000, size: 4020 MB, Compressed Oops mode: Zero based, Oop shift amount: 3

CDS archive(s) mapped at: [0x0000013bdd000000-0x0000013bddc90000-0x0000013bddc90000), size 13172736, SharedBaseAddress: 0x0000013bdd000000, ArchiveRelocationMode: 1.
Compressed class space mapped at: 0x0000013bde000000-0x0000013c1e000000, reserved size: 1073741824
Narrow klass base: 0x0000013bdd000000, Narrow klass shift: 0, Narrow klass range: 0x100000000

GC Precious Log:
 CardTable entry size: 512
 Card Set container configuration: InlinePtr #cards 4 size 8 Array Of Cards #cards 16 size 48 Howl #buckets 8 coarsen threshold 3686 Howl Bitmap #cards 512 size 80 coarsen threshold 460 Card regions per heap region 1 cards per card region 4096
 CPUs: 16 total, 16 available
 Memory: 16077M
 Large Page Support: Disabled
 NUMA Support: Disabled
 Compressed Oops: Enabled (Zero based)
 Heap Region Size: 2M
 Heap Min Capacity: 8M
 Heap Initial Capacity: 252M
 Heap Max Capacity: 4020M
 Pre-touch: Disabled
 Parallel Workers: 13
 Concurrent Workers: 3
 Concurrent Refinement Workers: 13
 Periodic GC: Disabled

Heap:
 garbage-first heap   total 258048K, used 18432K [0x0000000704c00000, 0x0000000800000000)
  region size 2048K, 10 young (20480K), 0 survivors (0K)
 Metaspace       used 12060K, committed 12288K, reserved 1114112K
  class space    used 1267K, committed 1408K, reserved 1048576K

Heap Regions: E=young(eden), S=young(survivor), O=old, HS=humongous(starts), HC=humongous(continues), CS=collection set, F=free, TAMS=top-at-mark-start, PB=parsable bottom
|   0|0x0000000704c00000, 0x0000000704c00000, 0x0000000704e00000|  0%| F|  |TAMS 0x0000000704c00000| PB 0x0000000704c00000| Untracked 
|   1|0x0000000704e00000, 0x0000000704e00000, 0x0000000705000000|  0%| F|  |TAMS 0x0000000704e00000| PB 0x0000000704e00000| Untracked 
|   2|0x0000000705000000, 0x0000000705000000, 0x0000000705200000|  0%| F|  |TAMS 0x0000000705000000| PB 0x0000000705000000| Untracked 
|   3|0x0000000705200000, 0x0000000705200000, 0x0000000705400000|  0%| F|  |TAMS 0x0000000705200000| PB 0x0000000705200000| Untracked 
|   4|0x0000000705400000, 0x0000000705400000, 0x0000000705600000|  0%| F|  |TAMS 0x0000000705400000| PB 0x0000000705400000| Untracked 
|   5|0x0000000705600000, 0x0000000705600000, 0x0000000705800000|  0%| F|  |TAMS 0x0000000705600000| PB 0x0000000705600000| Untracked 
|   6|0x0000000705800000, 0x0000000705800000, 0x0000000705a00000|  0%| F|  |TAMS 0x0000000705800000| PB 0x0000000705800000| Untracked 
|   7|0x0000000705a00000, 0x0000000705a00000, 0x0000000705c00000|  0%| F|  |TAMS 0x0000000705a00000| PB 0x0000000705a00000| Untracked 
|   8|0x0000000705c00000, 0x0000000705c00000, 0x0000000705e00000|  0%| F|  |TAMS 0x0000000705c00000| PB 0x0000000705c00000| Untracked 
|   9|0x0000000705e00000, 0x0000000705e00000, 0x0000000706000000|  0%| F|  |TAMS 0x0000000705e00000| PB 0x0000000705e00000| Untracked 
|  10|0x0000000706000000, 0x0000000706000000, 0x0000000706200000|  0%| F|  |TAMS 0x0000000706000000| PB 0x0000000706000000| Untracked 
|  11|0x0000000706200000, 0x0000000706200000, 0x0000000706400000|  0%| F|  |TAMS 0x0000000706200000| PB 0x0000000706200000| Untracked 
|  12|0x0000000706400000, 0x0000000706400000, 0x0000000706600000|  0%| F|  |TAMS 0x0000000706400000| PB 0x0000000706400000| Untracked 
|  13|0x0000000706600000, 0x0000000706600000, 0x0000000706800000|  0%| F|  |TAMS 0x0000000706600000| PB 0x0000000706600000| Untracked 
|  14|0x0000000706800000, 0x0000000706800000, 0x0000000706a00000|  0%| F|  |TAMS 0x0000000706800000| PB 0x0000000706800000| Untracked 
|  15|0x0000000706a00000, 0x0000000706a00000, 0x0000000706c00000|  0%| F|  |TAMS 0x0000000706a00000| PB 0x0000000706a00000| Untracked 
|  16|0x0000000706c00000, 0x0000000706c00000, 0x0000000706e00000|  0%| F|  |TAMS 0x0000000706c00000| PB 0x0000000706c00000| Untracked 
|  17|0x0000000706e00000, 0x0000000706e00000, 0x0000000707000000|  0%| F|  |TAMS 0x0000000706e00000| PB 0x0000000706e00000| Untracked 
|  18|0x0000000707000000, 0x0000000707000000, 0x0000000707200000|  0%| F|  |TAMS 0x0000000707000000| PB 0x0000000707000000| Untracked 
|  19|0x0000000707200000, 0x0000000707200000, 0x0000000707400000|  0%| F|  |TAMS 0x0000000707200000| PB 0x0000000707200000| Untracked 
|  20|0x0000000707400000, 0x0000000707400000, 0x0000000707600000|  0%| F|  |TAMS 0x0000000707400000| PB 0x0000000707400000| Untracked 
|  21|0x0000000707600000, 0x0000000707600000, 0x0000000707800000|  0%| F|  |TAMS 0x0000000707600000| PB 0x0000000707600000| Untracked 
|  22|0x0000000707800000, 0x0000000707800000, 0x0000000707a00000|  0%| F|  |TAMS 0x0000000707800000| PB 0x0000000707800000| Untracked 
|  23|0x0000000707a00000, 0x0000000707a00000, 0x0000000707c00000|  0%| F|  |TAMS 0x0000000707a00000| PB 0x0000000707a00000| Untracked 
|  24|0x0000000707c00000, 0x0000000707c00000, 0x0000000707e00000|  0%| F|  |TAMS 0x0000000707c00000| PB 0x0000000707c00000| Untracked 
|  25|0x0000000707e00000, 0x0000000707e00000, 0x0000000708000000|  0%| F|  |TAMS 0x0000000707e00000| PB 0x0000000707e00000| Untracked 
|  26|0x0000000708000000, 0x0000000708000000, 0x0000000708200000|  0%| F|  |TAMS 0x0000000708000000| PB 0x0000000708000000| Untracked 
|  27|0x0000000708200000, 0x0000000708200000, 0x0000000708400000|  0%| F|  |TAMS 0x0000000708200000| PB 0x0000000708200000| Untracked 
|  28|0x0000000708400000, 0x0000000708400000, 0x0000000708600000|  0%| F|  |TAMS 0x0000000708400000| PB 0x0000000708400000| Untracked 
|  29|0x0000000708600000, 0x0000000708600000, 0x0000000708800000|  0%| F|  |TAMS 0x0000000708600000| PB 0x0000000708600000| Untracked 
|  30|0x0000000708800000, 0x0000000708800000, 0x0000000708a00000|  0%| F|  |TAMS 0x0000000708800000| PB 0x0000000708800000| Untracked 
|  31|0x0000000708a00000, 0x0000000708a00000, 0x0000000708c00000|  0%| F|  |TAMS 0x0000000708a00000| PB 0x0000000708a00000| Untracked 
|  32|0x0000000708c00000, 0x0000000708c00000, 0x0000000708e00000|  0%| F|  |TAMS 0x0000000708c00000| PB 0x0000000708c00000| Untracked 
|  33|0x0000000708e00000, 0x0000000708e00000, 0x0000000709000000|  0%| F|  |TAMS 0x0000000708e00000| PB 0x0000000708e00000| Untracked 
|  34|0x0000000709000000, 0x0000000709000000, 0x0000000709200000|  0%| F|  |TAMS 0x0000000709000000| PB 0x0000000709000000| Untracked 
|  35|0x0000000709200000, 0x0000000709200000, 0x0000000709400000|  0%| F|  |TAMS 0x0000000709200000| PB 0x0000000709200000| Untracked 
|  36|0x0000000709400000, 0x0000000709400000, 0x0000000709600000|  0%| F|  |TAMS 0x0000000709400000| PB 0x0000000709400000| Untracked 
|  37|0x0000000709600000, 0x0000000709600000, 0x0000000709800000|  0%| F|  |TAMS 0x0000000709600000| PB 0x0000000709600000| Untracked 
|  38|0x0000000709800000, 0x0000000709800000, 0x0000000709a00000|  0%| F|  |TAMS 0x0000000709800000| PB 0x0000000709800000| Untracked 
|  39|0x0000000709a00000, 0x0000000709a00000, 0x0000000709c00000|  0%| F|  |TAMS 0x0000000709a00000| PB 0x0000000709a00000| Untracked 
|  40|0x0000000709c00000, 0x0000000709c00000, 0x0000000709e00000|  0%| F|  |TAMS 0x0000000709c00000| PB 0x0000000709c00000| Untracked 
|  41|0x0000000709e00000, 0x0000000709e00000, 0x000000070a000000|  0%| F|  |TAMS 0x0000000709e00000| PB 0x0000000709e00000| Untracked 
|  42|0x000000070a000000, 0x000000070a000000, 0x000000070a200000|  0%| F|  |TAMS 0x000000070a000000| PB 0x000000070a000000| Untracked 
|  43|0x000000070a200000, 0x000000070a200000, 0x000000070a400000|  0%| F|  |TAMS 0x000000070a200000| PB 0x000000070a200000| Untracked 
|  44|0x000000070a400000, 0x000000070a400000, 0x000000070a600000|  0%| F|  |TAMS 0x000000070a400000| PB 0x000000070a400000| Untracked 
|  45|0x000000070a600000, 0x000000070a600000, 0x000000070a800000|  0%| F|  |TAMS 0x000000070a600000| PB 0x000000070a600000| Untracked 
|  46|0x000000070a800000, 0x000000070a800000, 0x000000070aa00000|  0%| F|  |TAMS 0x000000070a800000| PB 0x000000070a800000| Untracked 
|  47|0x000000070aa00000, 0x000000070aa00000, 0x000000070ac00000|  0%| F|  |TAMS 0x000000070aa00000| PB 0x000000070aa00000| Untracked 
|  48|0x000000070ac00000, 0x000000070ac00000, 0x000000070ae00000|  0%| F|  |TAMS 0x000000070ac00000| PB 0x000000070ac00000| Untracked 
|  49|0x000000070ae00000, 0x000000070ae00000, 0x000000070b000000|  0%| F|  |TAMS 0x000000070ae00000| PB 0x000000070ae00000| Untracked 
|  50|0x000000070b000000, 0x000000070b000000, 0x000000070b200000|  0%| F|  |TAMS 0x000000070b000000| PB 0x000000070b000000| Untracked 
|  51|0x000000070b200000, 0x000000070b200000, 0x000000070b400000|  0%| F|  |TAMS 0x000000070b200000| PB 0x000000070b200000| Untracked 
|  52|0x000000070b400000, 0x000000070b400000, 0x000000070b600000|  0%| F|  |TAMS 0x000000070b400000| PB 0x000000070b400000| Untracked 
|  53|0x000000070b600000, 0x000000070b600000, 0x000000070b800000|  0%| F|  |TAMS 0x000000070b600000| PB 0x000000070b600000| Untracked 
|  54|0x000000070b800000, 0x000000070b800000, 0x000000070ba00000|  0%| F|  |TAMS 0x000000070b800000| PB 0x000000070b800000| Untracked 
|  55|0x000000070ba00000, 0x000000070ba00000, 0x000000070bc00000|  0%| F|  |TAMS 0x000000070ba00000| PB 0x000000070ba00000| Untracked 
|  56|0x000000070bc00000, 0x000000070bc00000, 0x000000070be00000|  0%| F|  |TAMS 0x000000070bc00000| PB 0x000000070bc00000| Untracked 
|  57|0x000000070be00000, 0x000000070be00000, 0x000000070c000000|  0%| F|  |TAMS 0x000000070be00000| PB 0x000000070be00000| Untracked 
|  58|0x000000070c000000, 0x000000070c000000, 0x000000070c200000|  0%| F|  |TAMS 0x000000070c000000| PB 0x000000070c000000| Untracked 
|  59|0x000000070c200000, 0x000000070c200000, 0x000000070c400000|  0%| F|  |TAMS 0x000000070c200000| PB 0x000000070c200000| Untracked 
|  60|0x000000070c400000, 0x000000070c400000, 0x000000070c600000|  0%| F|  |TAMS 0x000000070c400000| PB 0x000000070c400000| Untracked 
|  61|0x000000070c600000, 0x000000070c600000, 0x000000070c800000|  0%| F|  |TAMS 0x000000070c600000| PB 0x000000070c600000| Untracked 
|  62|0x000000070c800000, 0x000000070c800000, 0x000000070ca00000|  0%| F|  |TAMS 0x000000070c800000| PB 0x000000070c800000| Untracked 
|  63|0x000000070ca00000, 0x000000070ca00000, 0x000000070cc00000|  0%| F|  |TAMS 0x000000070ca00000| PB 0x000000070ca00000| Untracked 
|  64|0x000000070cc00000, 0x000000070cc00000, 0x000000070ce00000|  0%| F|  |TAMS 0x000000070cc00000| PB 0x000000070cc00000| Untracked 
|  65|0x000000070ce00000, 0x000000070ce00000, 0x000000070d000000|  0%| F|  |TAMS 0x000000070ce00000| PB 0x000000070ce00000| Untracked 
|  66|0x000000070d000000, 0x000000070d000000, 0x000000070d200000|  0%| F|  |TAMS 0x000000070d000000| PB 0x000000070d000000| Untracked 
|  67|0x000000070d200000, 0x000000070d200000, 0x000000070d400000|  0%| F|  |TAMS 0x000000070d200000| PB 0x000000070d200000| Untracked 
|  68|0x000000070d400000, 0x000000070d400000, 0x000000070d600000|  0%| F|  |TAMS 0x000000070d400000| PB 0x000000070d400000| Untracked 
|  69|0x000000070d600000, 0x000000070d600000, 0x000000070d800000|  0%| F|  |TAMS 0x000000070d600000| PB 0x000000070d600000| Untracked 
|  70|0x000000070d800000, 0x000000070d800000, 0x000000070da00000|  0%| F|  |TAMS 0x000000070d800000| PB 0x000000070d800000| Untracked 
|  71|0x000000070da00000, 0x000000070da00000, 0x000000070dc00000|  0%| F|  |TAMS 0x000000070da00000| PB 0x000000070da00000| Untracked 
|  72|0x000000070dc00000, 0x000000070dc00000, 0x000000070de00000|  0%| F|  |TAMS 0x000000070dc00000| PB 0x000000070dc00000| Untracked 
|  73|0x000000070de00000, 0x000000070de00000, 0x000000070e000000|  0%| F|  |TAMS 0x000000070de00000| PB 0x000000070de00000| Untracked 
|  74|0x000000070e000000, 0x000000070e000000, 0x000000070e200000|  0%| F|  |TAMS 0x000000070e000000| PB 0x000000070e000000| Untracked 
|  75|0x000000070e200000, 0x000000070e200000, 0x000000070e400000|  0%| F|  |TAMS 0x000000070e200000| PB 0x000000070e200000| Untracked 
|  76|0x000000070e400000, 0x000000070e400000, 0x000000070e600000|  0%| F|  |TAMS 0x000000070e400000| PB 0x000000070e400000| Untracked 
|  77|0x000000070e600000, 0x000000070e600000, 0x000000070e800000|  0%| F|  |TAMS 0x000000070e600000| PB 0x000000070e600000| Untracked 
|  78|0x000000070e800000, 0x000000070e800000, 0x000000070ea00000|  0%| F|  |TAMS 0x000000070e800000| PB 0x000000070e800000| Untracked 
|  79|0x000000070ea00000, 0x000000070ea00000, 0x000000070ec00000|  0%| F|  |TAMS 0x000000070ea00000| PB 0x000000070ea00000| Untracked 
|  80|0x000000070ec00000, 0x000000070ec00000, 0x000000070ee00000|  0%| F|  |TAMS 0x000000070ec00000| PB 0x000000070ec00000| Untracked 
|  81|0x000000070ee00000, 0x000000070ee00000, 0x000000070f000000|  0%| F|  |TAMS 0x000000070ee00000| PB 0x000000070ee00000| Untracked 
|  82|0x000000070f000000, 0x000000070f000000, 0x000000070f200000|  0%| F|  |TAMS 0x000000070f000000| PB 0x000000070f000000| Untracked 
|  83|0x000000070f200000, 0x000000070f200000, 0x000000070f400000|  0%| F|  |TAMS 0x000000070f200000| PB 0x000000070f200000| Untracked 
|  84|0x000000070f400000, 0x000000070f400000, 0x000000070f600000|  0%| F|  |TAMS 0x000000070f400000| PB 0x000000070f400000| Untracked 
|  85|0x000000070f600000, 0x000000070f600000, 0x000000070f800000|  0%| F|  |TAMS 0x000000070f600000| PB 0x000000070f600000| Untracked 
|  86|0x000000070f800000, 0x000000070f800000, 0x000000070fa00000|  0%| F|  |TAMS 0x000000070f800000| PB 0x000000070f800000| Untracked 
|  87|0x000000070fa00000, 0x000000070fa00000, 0x000000070fc00000|  0%| F|  |TAMS 0x000000070fa00000| PB 0x000000070fa00000| Untracked 
|  88|0x000000070fc00000, 0x000000070fc00000, 0x000000070fe00000|  0%| F|  |TAMS 0x000000070fc00000| PB 0x000000070fc00000| Untracked 
|  89|0x000000070fe00000, 0x000000070fe00000, 0x0000000710000000|  0%| F|  |TAMS 0x000000070fe00000| PB 0x000000070fe00000| Untracked 
|  90|0x0000000710000000, 0x0000000710000000, 0x0000000710200000|  0%| F|  |TAMS 0x0000000710000000| PB 0x0000000710000000| Untracked 
|  91|0x0000000710200000, 0x0000000710200000, 0x0000000710400000|  0%| F|  |TAMS 0x0000000710200000| PB 0x0000000710200000| Untracked 
|  92|0x0000000710400000, 0x0000000710400000, 0x0000000710600000|  0%| F|  |TAMS 0x0000000710400000| PB 0x0000000710400000| Untracked 
|  93|0x0000000710600000, 0x0000000710600000, 0x0000000710800000|  0%| F|  |TAMS 0x0000000710600000| PB 0x0000000710600000| Untracked 
|  94|0x0000000710800000, 0x0000000710800000, 0x0000000710a00000|  0%| F|  |TAMS 0x0000000710800000| PB 0x0000000710800000| Untracked 
|  95|0x0000000710a00000, 0x0000000710a00000, 0x0000000710c00000|  0%| F|  |TAMS 0x0000000710a00000| PB 0x0000000710a00000| Untracked 
|  96|0x0000000710c00000, 0x0000000710c00000, 0x0000000710e00000|  0%| F|  |TAMS 0x0000000710c00000| PB 0x0000000710c00000| Untracked 
|  97|0x0000000710e00000, 0x0000000710e00000, 0x0000000711000000|  0%| F|  |TAMS 0x0000000710e00000| PB 0x0000000710e00000| Untracked 
|  98|0x0000000711000000, 0x0000000711000000, 0x0000000711200000|  0%| F|  |TAMS 0x0000000711000000| PB 0x0000000711000000| Untracked 
|  99|0x0000000711200000, 0x0000000711200000, 0x0000000711400000|  0%| F|  |TAMS 0x0000000711200000| PB 0x0000000711200000| Untracked 
| 100|0x0000000711400000, 0x0000000711400000, 0x0000000711600000|  0%| F|  |TAMS 0x0000000711400000| PB 0x0000000711400000| Untracked 
| 101|0x0000000711600000, 0x0000000711600000, 0x0000000711800000|  0%| F|  |TAMS 0x0000000711600000| PB 0x0000000711600000| Untracked 
| 102|0x0000000711800000, 0x0000000711800000, 0x0000000711a00000|  0%| F|  |TAMS 0x0000000711800000| PB 0x0000000711800000| Untracked 
| 103|0x0000000711a00000, 0x0000000711a00000, 0x0000000711c00000|  0%| F|  |TAMS 0x0000000711a00000| PB 0x0000000711a00000| Untracked 
| 104|0x0000000711c00000, 0x0000000711c00000, 0x0000000711e00000|  0%| F|  |TAMS 0x0000000711c00000| PB 0x0000000711c00000| Untracked 
| 105|0x0000000711e00000, 0x0000000711e00000, 0x0000000712000000|  0%| F|  |TAMS 0x0000000711e00000| PB 0x0000000711e00000| Untracked 
| 106|0x0000000712000000, 0x0000000712000000, 0x0000000712200000|  0%| F|  |TAMS 0x0000000712000000| PB 0x0000000712000000| Untracked 
| 107|0x0000000712200000, 0x0000000712200000, 0x0000000712400000|  0%| F|  |TAMS 0x0000000712200000| PB 0x0000000712200000| Untracked 
| 108|0x0000000712400000, 0x0000000712400000, 0x0000000712600000|  0%| F|  |TAMS 0x0000000712400000| PB 0x0000000712400000| Untracked 
| 109|0x0000000712600000, 0x0000000712600000, 0x0000000712800000|  0%| F|  |TAMS 0x0000000712600000| PB 0x0000000712600000| Untracked 
| 110|0x0000000712800000, 0x0000000712800000, 0x0000000712a00000|  0%| F|  |TAMS 0x0000000712800000| PB 0x0000000712800000| Untracked 
| 111|0x0000000712a00000, 0x0000000712a00000, 0x0000000712c00000|  0%| F|  |TAMS 0x0000000712a00000| PB 0x0000000712a00000| Untracked 
| 112|0x0000000712c00000, 0x0000000712c00000, 0x0000000712e00000|  0%| F|  |TAMS 0x0000000712c00000| PB 0x0000000712c00000| Untracked 
| 113|0x0000000712e00000, 0x0000000712e00000, 0x0000000713000000|  0%| F|  |TAMS 0x0000000712e00000| PB 0x0000000712e00000| Untracked 
| 114|0x0000000713000000, 0x0000000713000000, 0x0000000713200000|  0%| F|  |TAMS 0x0000000713000000| PB 0x0000000713000000| Untracked 
| 115|0x0000000713200000, 0x0000000713200000, 0x0000000713400000|  0%| F|  |TAMS 0x0000000713200000| PB 0x0000000713200000| Untracked 
| 116|0x0000000713400000, 0x0000000713552708, 0x0000000713600000| 66%| E|  |TAMS 0x0000000713400000| PB 0x0000000713400000| Complete 
| 117|0x0000000713600000, 0x0000000713800000, 0x0000000713800000|100%| E|CS|TAMS 0x0000000713600000| PB 0x0000000713600000| Complete 
| 118|0x0000000713800000, 0x0000000713a00000, 0x0000000713a00000|100%| E|CS|TAMS 0x0000000713800000| PB 0x0000000713800000| Complete 
| 119|0x0000000713a00000, 0x0000000713c00000, 0x0000000713c00000|100%| E|CS|TAMS 0x0000000713a00000| PB 0x0000000713a00000| Complete 
| 120|0x0000000713c00000, 0x0000000713e00000, 0x0000000713e00000|100%| E|CS|TAMS 0x0000000713c00000| PB 0x0000000713c00000| Complete 
| 121|0x0000000713e00000, 0x0000000714000000, 0x0000000714000000|100%| E|CS|TAMS 0x0000000713e00000| PB 0x0000000713e00000| Complete 
| 122|0x0000000714000000, 0x0000000714200000, 0x0000000714200000|100%| E|CS|TAMS 0x0000000714000000| PB 0x0000000714000000| Complete 
| 123|0x0000000714200000, 0x0000000714400000, 0x0000000714400000|100%| E|CS|TAMS 0x0000000714200000| PB 0x0000000714200000| Complete 
| 124|0x0000000714400000, 0x0000000714600000, 0x0000000714600000|100%| E|CS|TAMS 0x0000000714400000| PB 0x0000000714400000| Complete 
| 125|0x0000000714600000, 0x0000000714800000, 0x0000000714800000|100%| E|CS|TAMS 0x0000000714600000| PB 0x0000000714600000| Complete 

Card table byte_map: [0x0000013bd5090000,0x0000013bd5870000] _byte_map_base: 0x0000013bd186a000

Marking Bits: (CMBitMap*) 0x0000013bbc48a3c0
 Bits: [0x0000013bd5870000, 0x0000013bd9740000)

Polling page: 0x0000013bbc4f0000

Metaspace:

Usage:
  Non-class:     10.55 MB used.
      Class:      1.24 MB used.
       Both:     11.78 MB used.

Virtual space:
  Non-class space:       64.00 MB reserved,      10.62 MB ( 17%) committed,  1 nodes.
      Class space:        1.00 GB reserved,       1.38 MB ( <1%) committed,  1 nodes.
             Both:        1.06 GB reserved,      12.00 MB (  1%) committed. 

Chunk freelists:
   Non-Class:  4.58 MB
       Class:  14.69 MB
        Both:  19.26 MB

MaxMetaspaceSize: unlimited
CompressedClassSpaceSize: 1.00 GB
Initial GC threshold: 21.00 MB
Current GC threshold: 21.00 MB
CDS: on
 - commit_granule_bytes: 65536.
 - commit_granule_words: 8192.
 - virtual_space_node_default_size: 8388608.
 - enlarge_chunks_in_place: 1.
 - use_allocation_guard: 0.


Internal statistics:

num_allocs_failed_limit: 0.
num_arena_births: 140.
num_arena_deaths: 0.
num_vsnodes_births: 2.
num_vsnodes_deaths: 0.
num_space_committed: 192.
num_space_uncommitted: 0.
num_chunks_returned_to_freelist: 0.
num_chunks_taken_from_freelist: 313.
num_chunk_merges: 0.
num_chunk_splits: 198.
num_chunks_enlarged: 129.
num_inconsistent_stats: 0.

CodeHeap 'non-profiled nmethods': size=119168Kb used=470Kb max_used=470Kb free=118697Kb
 bounds [0x0000013bcc490000, 0x0000013bcc700000, 0x0000013bd38f0000]
CodeHeap 'profiled nmethods': size=119104Kb used=2590Kb max_used=2590Kb free=116513Kb
 bounds [0x0000013bc48f0000, 0x0000013bc4b80000, 0x0000013bcbd40000]
CodeHeap 'non-nmethods': size=7488Kb used=3211Kb max_used=3233Kb free=4276Kb
 bounds [0x0000013bcbd40000, 0x0000013bcc070000, 0x0000013bcc490000]
 total_blobs=2031 nmethods=1437 adapters=496
 compilation: enabled
              stopped_count=0, restarted_count=0
 full_count=0

Compilation events (20 events):
Event: 0.514 Thread 0x0000013bdc952d10 nmethod 1392 0x0000013bc4b5a710 code [0x0000013bc4b5a8c0, 0x0000013bc4b5aaf0]
Event: 0.515 Thread 0x0000013bdc952d10 1393       3       sun.net.util.IPAddressUtil::checkAuth (45 bytes)
Event: 0.515 Thread 0x0000013bdca0d3f0 1394   !   3       jdk.internal.loader.URLClassPath$JarLoader::ensureOpen (36 bytes)
Event: 0.515 Thread 0x0000013bdca0d3f0 nmethod 1394 0x0000013bc4b5ac10 code [0x0000013bc4b5ae00, 0x0000013bc4b5b2e8]
Event: 0.515 Thread 0x0000013bdc952d10 nmethod 1393 0x0000013bc4b5b490 code [0x0000013bc4b5b720, 0x0000013bc4b5c180]
Event: 0.515 Thread 0x0000013c221efa00 1395       3       java.lang.invoke.DirectMethodHandle::make (21 bytes)
Event: 0.516 Thread 0x0000013c221efa00 nmethod 1395 0x0000013bc4b5c610 code [0x0000013bc4b5c7e0, 0x0000013bc4b5cad8]
Event: 0.516 Thread 0x0000013c221efa00 1396       3       jdk.internal.loader.URLClassPath::getResource (74 bytes)
Event: 0.517 Thread 0x0000013bdc952d10 1397       3       java.util.WeakHashMap::put (160 bytes)
Event: 0.517 Thread 0x0000013bdca0d3f0 1398       3       java.util.WeakHashMap$Entry::<init> (24 bytes)
Event: 0.517 Thread 0x0000013c221efa00 nmethod 1396 0x0000013bc4b5cc10 code [0x0000013bc4b5cde0, 0x0000013bc4b5d138]
Event: 0.517 Thread 0x0000013bdca0d3f0 nmethod 1398 0x0000013bc4b5d290 code [0x0000013bc4b5d460, 0x0000013bc4b5d868]
Event: 0.517 Thread 0x0000013bdc952d10 nmethod 1397 0x0000013bc4b5d990 code [0x0000013bc4b5dc20, 0x0000013bc4b5ec18]
Event: 0.518 Thread 0x0000013c221efa00 1399   !   3       jdk.internal.loader.URLClassPath$JarLoader::getResource (40 bytes)
Event: 0.518 Thread 0x0000013bdca0d3f0 1400       3       java.util.jar.JarFile::getJarEntry (9 bytes)
Event: 0.518 Thread 0x0000013bdca0d3f0 nmethod 1400 0x0000013bc4b5f110 code [0x0000013bc4b5f2c0, 0x0000013bc4b5f578]
Event: 0.519 Thread 0x0000013c221efa00 nmethod 1399 0x0000013bc4b5f610 code [0x0000013bc4b5f820, 0x0000013bc4b5fdd0]
Event: 0.520 Thread 0x0000013bdc952d10 1401       3       jdk.internal.ref.PhantomCleanable::clean (16 bytes)
Event: 0.521 Thread 0x0000013bdca0d3f0 1402       3       jdk.internal.ref.CleanerImpl$PhantomCleanableRef::performCleanup (10 bytes)
Event: 1.526 Thread 0x0000013bdca0d3f0 nmethod 1402 0x0000013bc4b5ff90 code [0x0000013bc4b60140, 0x0000013bc4b60320]

GC Heap History (0 events):
No events

Dll operation events (9 events):
Event: 0.005 Loaded shared library D:\Jdk21\bin\java.dll
Event: 0.027 Loaded shared library D:\Jdk21\bin\jsvml.dll
Event: 0.036 Loaded shared library D:\Jdk21\bin\jimage.dll
Event: 0.054 Loaded shared library D:\Jdk21\bin\awt.dll
Event: 0.069 Loaded shared library D:\Jdk21\bin\net.dll
Event: 0.070 Loaded shared library D:\Jdk21\bin\nio.dll
Event: 0.072 Loaded shared library D:\Jdk21\bin\zip.dll
Event: 0.222 Loaded shared library D:\Jdk21\bin\extnet.dll
Event: 0.390 Loaded shared library D:\Jdk21\bin\sunmscapi.dll

Deoptimization events (20 events):
Event: 0.318 Thread 0x0000013bdccb6450 Uncommon trap: trap_request=0xffffff6e fr.pc=0x0000013bcc4cffdc relative=0x000000000000041c
Event: 0.318 Thread 0x0000013bdccb6450 Uncommon trap: reason=loop_limit_check action=maybe_recompile pc=0x0000013bcc4cffdc method=java.lang.StringLatin1.indexOf([BI[BII)I @ 37 c2
Event: 0.318 Thread 0x0000013bdccb6450 DEOPT PACKING pc=0x0000013bcc4cffdc sp=0x0000000ee71fc110
Event: 0.318 Thread 0x0000013bdccb6450 DEOPT UNPACKING pc=0x0000013bcbd946a2 sp=0x0000000ee71fc070 mode 2
Event: 0.393 Thread 0x0000013bdccb6450 Uncommon trap: trap_request=0xffffff45 fr.pc=0x0000013bcc4e1954 relative=0x0000000000000214
Event: 0.393 Thread 0x0000013bdccb6450 Uncommon trap: reason=unstable_if action=reinterpret pc=0x0000013bcc4e1954 method=java.util.HashMap.putVal(ILjava/lang/Object;Ljava/lang/Object;ZZ)Ljava/lang/Object; @ 162 c2
Event: 0.393 Thread 0x0000013bdccb6450 DEOPT PACKING pc=0x0000013bcc4e1954 sp=0x0000000ee71fbb10
Event: 0.393 Thread 0x0000013bdccb6450 DEOPT UNPACKING pc=0x0000013bcbd946a2 sp=0x0000000ee71fbab0 mode 2
Event: 0.399 Thread 0x0000013bdccb6450 Uncommon trap: trap_request=0xffffff45 fr.pc=0x0000013bcc4c72b0 relative=0x0000000000000190
Event: 0.399 Thread 0x0000013bdccb6450 Uncommon trap: reason=unstable_if action=reinterpret pc=0x0000013bcc4c72b0 method=jdk.internal.util.ArraysSupport.vectorizedHashCode(Ljava/lang/Object;IIII)I @ 2 c2
Event: 0.399 Thread 0x0000013bdccb6450 DEOPT PACKING pc=0x0000013bcc4c72b0 sp=0x0000000ee71fbae0
Event: 0.399 Thread 0x0000013bdccb6450 DEOPT UNPACKING pc=0x0000013bcbd946a2 sp=0x0000000ee71fba90 mode 2
Event: 0.507 Thread 0x0000013bdccb6450 Uncommon trap: trap_request=0xffffffde fr.pc=0x0000013bcc4ee688 relative=0x0000000000000a28
Event: 0.507 Thread 0x0000013bdccb6450 Uncommon trap: reason=class_check action=maybe_recompile pc=0x0000013bcc4ee688 method=java.util.HashMap.putVal(ILjava/lang/Object;Ljava/lang/Object;ZZ)Ljava/lang/Object; @ 253 c2
Event: 0.507 Thread 0x0000013bdccb6450 DEOPT PACKING pc=0x0000013bcc4ee688 sp=0x0000000ee71fdaa0
Event: 0.507 Thread 0x0000013bdccb6450 DEOPT UNPACKING pc=0x0000013bcbd946a2 sp=0x0000000ee71fd9d8 mode 2
Event: 0.508 Thread 0x0000013bdccb6450 Uncommon trap: trap_request=0xffffffde fr.pc=0x0000013bcc4ee688 relative=0x0000000000000a28
Event: 0.508 Thread 0x0000013bdccb6450 Uncommon trap: reason=class_check action=maybe_recompile pc=0x0000013bcc4ee688 method=java.util.HashMap.putVal(ILjava/lang/Object;Ljava/lang/Object;ZZ)Ljava/lang/Object; @ 253 c2
Event: 0.508 Thread 0x0000013bdccb6450 DEOPT PACKING pc=0x0000013bcc4ee688 sp=0x0000000ee71fdaa0
Event: 0.508 Thread 0x0000013bdccb6450 DEOPT UNPACKING pc=0x0000013bcbd946a2 sp=0x0000000ee71fd9d8 mode 2

Classes loaded (20 events):
Event: 0.492 Loading class jdk/internal/event/TLSHandshakeEvent
Event: 0.492 Loading class jdk/internal/event/TLSHandshakeEvent done
Event: 0.495 Loading class java/security/DigestException
Event: 0.495 Loading class java/security/DigestException done
Event: 0.497 Loading class javax/security/sasl/SaslException
Event: 0.497 Loading class javax/security/sasl/SaslException done
Event: 0.498 Loading class javax/security/auth/callback/UnsupportedCallbackException
Event: 0.498 Loading class javax/security/auth/callback/UnsupportedCallbackException done
Event: 0.498 Loading class javax/security/auth/login/Configuration
Event: 0.498 Loading class javax/security/auth/login/Configuration done
Event: 0.499 Loading class javax/security/auth/callback/Callback
Event: 0.499 Loading class javax/security/auth/callback/Callback done
Event: 0.499 Loading class sun/invoke/util/VerifyAccess$1
Event: 0.499 Loading class sun/invoke/util/VerifyAccess$1 done
Event: 0.506 Loading class sun/security/ssl/PostHandshakeContext
Event: 0.506 Loading class sun/security/ssl/PostHandshakeContext done
Event: 0.507 Loading class sun/security/ssl/NewSessionTicket$T13NewSessionTicketMessage
Event: 0.507 Loading class sun/security/ssl/NewSessionTicket$NewSessionTicketMessage
Event: 0.507 Loading class sun/security/ssl/NewSessionTicket$NewSessionTicketMessage done
Event: 0.507 Loading class sun/security/ssl/NewSessionTicket$T13NewSessionTicketMessage done

Classes unloaded (0 events):
No events

Classes redefined (0 events):
No events

Internal exceptions (14 events):
Event: 0.045 Thread 0x0000013bbc423430 Exception <a 'java/lang/ClassNotFoundException'{0x00000007144483c0}: sun/awt/resources/spi/awtProvider> (0x00000007144483c0) 
thrown [s\open\src\hotspot\share\classfile\systemDictionary.cpp, line 312]
Event: 0.060 Thread 0x0000013bbc423430 Exception <a 'java/io/FileNotFoundException'{0x0000000714588b40}> (0x0000000714588b40) 
thrown [s\open\src\hotspot\share\prims\jni.cpp, line 520]
Event: 0.064 Thread 0x0000013bbc423430 Exception <a 'java/io/FileNotFoundException'{0x00000007145b2ba8}> (0x00000007145b2ba8) 
thrown [s\open\src\hotspot\share\prims\jni.cpp, line 520]
Event: 0.120 Thread 0x0000013bdccb6450 Exception <a 'java/lang/NoSuchMethodError'{0x000000071439d5e8}: 'void java.lang.invoke.DirectMethodHandle$Holder.invokeStatic(java.lang.Object, java.lang.Object)'> (0x000000071439d5e8) 
thrown [s\open\src\hotspot\share\interpreter\linkResolver.cpp, line 773]
Event: 0.143 Thread 0x0000013bdccb6450 Exception <a 'java/lang/NoSuchMethodError'{0x000000071408a858}: 'java.lang.Object java.lang.invoke.DirectMethodHandle$Holder.invokeInterface(java.lang.Object, java.lang.Object)'> (0x000000071408a858) 
thrown [s\open\src\hotspot\share\interpreter\linkResolver.cpp, line 773]
Event: 0.158 Thread 0x0000013bdccb6450 Exception <a 'java/lang/NoSuchMethodError'{0x0000000714110d18}: 'void java.lang.invoke.DirectMethodHandle$Holder.invokeSpecial(java.lang.Object, java.lang.Object, java.lang.Object)'> (0x0000000714110d18) 
thrown [s\open\src\hotspot\share\interpreter\linkResolver.cpp, line 773]
Event: 0.159 Thread 0x0000013bdccb6450 Exception <a 'java/lang/NoSuchMethodError'{0x0000000714116fa0}: 'void java.lang.invoke.DirectMethodHandle$Holder.invokeStatic(java.lang.Object, java.lang.Object, java.lang.Object)'> (0x0000000714116fa0) 
thrown [s\open\src\hotspot\share\interpreter\linkResolver.cpp, line 773]
Event: 0.160 Thread 0x0000013bdccb6450 Exception <a 'java/lang/NoSuchMethodError'{0x0000000714120218}: 'java.lang.Object java.lang.invoke.DirectMethodHandle$Holder.invokeVirtual(java.lang.Object, java.lang.Object, java.lang.Object)'> (0x0000000714120218) 
thrown [s\open\src\hotspot\share\interpreter\linkResolver.cpp, line 773]
Event: 0.278 Thread 0x0000013bdccb6450 Exception <a 'java/lang/NoSuchMethodError'{0x0000000713ace8e8}: 'void java.lang.invoke.DirectMethodHandle$Holder.invokeStaticInit(java.lang.Object, java.lang.Object)'> (0x0000000713ace8e8) 
thrown [s\open\src\hotspot\share\interpreter\linkResolver.cpp, line 773]
Event: 0.327 Thread 0x0000013bdccb6450 Exception <a 'sun/nio/fs/WindowsException'{0x00000007138833b0}> (0x00000007138833b0) 
thrown [s\open\src\hotspot\share\prims\jni.cpp, line 520]
Event: 0.363 Thread 0x0000013bdccb6450 Exception <a 'java/lang/NoSuchMethodError'{0x00000007139312a0}: 'java.lang.Object java.lang.invoke.DirectMethodHandle$Holder.invokeStaticInit(java.lang.Object, int, int, int, int)'> (0x00000007139312a0) 
thrown [s\open\src\hotspot\share\interpreter\linkResolver.cpp, line 773]
Event: 0.380 Thread 0x0000013bdccb6450 Exception <a 'java/lang/NoSuchMethodError'{0x00000007139c6280}: 'java.lang.Object java.lang.invoke.DirectMethodHandle$Holder.invokeStaticInit(java.lang.Object, java.lang.Object, int, int, int, int)'> (0x00000007139c6280) 
thrown [s\open\src\hotspot\share\interpreter\linkResolver.cpp, line 773]
Event: 0.404 Thread 0x0000013bdccb6450 Exception <a 'java/lang/NoSuchMethodError'{0x000000071363f490}: 'int java.lang.invoke.DirectMethodHandle$Holder.invokeSpecial(java.lang.Object, java.lang.Object, java.lang.Object)'> (0x000000071363f490) 
thrown [s\open\src\hotspot\share\interpreter\linkResolver.cpp, line 773]
Event: 0.469 Thread 0x0000013bdccb6450 Exception <a 'java/lang/NoSuchMethodError'{0x000000071374f5b0}: 'void java.lang.invoke.DirectMethodHandle$Holder.invokeVirtual(java.lang.Object, java.lang.Object)'> (0x000000071374f5b0) 
thrown [s\open\src\hotspot\share\interpreter\linkResolver.cpp, line 773]

ZGC Phase Switch (0 events):
No events

VM Operations (11 events):
Event: 0.102 Executing VM operation: HandshakeAllThreads (Deoptimize)
Event: 0.102 Executing VM operation: HandshakeAllThreads (Deoptimize) done
Event: 0.105 Executing VM operation: HandshakeAllThreads (Deoptimize)
Event: 0.105 Executing VM operation: HandshakeAllThreads (Deoptimize) done
Event: 0.332 Executing VM operation: HandshakeAllThreads (Deoptimize)
Event: 0.332 Executing VM operation: HandshakeAllThreads (Deoptimize) done
Event: 0.406 Executing VM operation: ICBufferFull
Event: 0.406 Executing VM operation: ICBufferFull done
Event: 0.478 Executing VM operation: HandshakeAllThreads (Deoptimize)
Event: 0.478 Executing VM operation: HandshakeAllThreads (Deoptimize) done
Event: 1.480 Executing VM operation: Cleanup

Events (20 events):
Event: 0.026 Thread 0x0000013bdbd484d0 Thread added: 0x0000013bdbd484d0
Event: 0.026 Thread 0x0000013bdbd49de0 Thread added: 0x0000013bdbd49de0
Event: 0.026 Thread 0x0000013bdc952d10 Thread added: 0x0000013bdc952d10
Event: 0.029 Thread 0x0000013bdca0ad40 Thread added: 0x0000013bdca0ad40
Event: 0.029 Thread 0x0000013bdca0d3f0 Thread added: 0x0000013bdca0d3f0
Event: 0.034 Thread 0x0000013bdcb1ecd0 Thread added: 0x0000013bdcb1ecd0
Event: 0.035 Thread 0x0000013bdcb1f900 Thread added: 0x0000013bdcb1f900
Event: 0.092 Thread 0x0000013bdcca8470 Thread added: 0x0000013bdcca8470
Event: 0.093 Thread 0x0000013bdccaacb0 Thread added: 0x0000013bdccaacb0
Event: 0.094 Thread 0x0000013bdccab310 Thread added: 0x0000013bdccab310
Event: 0.103 Thread 0x0000013bdccb6450 Thread added: 0x0000013bdccb6450
Event: 0.104 Thread 0x0000013bbc423430 Thread exited: 0x0000013bbc423430
Event: 0.104 Thread 0x0000013bbc423430 Thread added: 0x0000013bbc423430
Event: 0.121 Thread 0x0000013bdccd94c0 Thread added: 0x0000013bdccd94c0
Event: 0.149 Thread 0x0000013bdccf4550 Thread added: 0x0000013bdccf4550
Event: 0.255 Thread 0x0000013c221efa00 Thread added: 0x0000013c221efa00
Event: 0.428 Thread 0x0000013c222bc0e0 Thread added: 0x0000013c222bc0e0
Event: 0.429 Thread 0x0000013c2257ee10 Thread added: 0x0000013c2257ee10
Event: 0.429 Thread 0x0000013c2257f4b0 Thread added: 0x0000013c2257f4b0
Event: 0.434 Thread 0x0000013c227ba400 Thread added: 0x0000013c227ba400


Dynamic libraries:
0x00007ff7cab60000 - 0x00007ff7cab70000 	D:\Jdk21\bin\javaw.exe
0x00007ffb3d520000 - 0x00007ffb3d788000 	C:\WINDOWS\SYSTEM32\ntdll.dll
0x00007ffb3bf70000 - 0x00007ffb3c039000 	C:\WINDOWS\System32\KERNEL32.DLL
0x00007ffb3ab80000 - 0x00007ffb3af6d000 	C:\WINDOWS\System32\KERNELBASE.dll
0x00007ffb3a980000 - 0x00007ffb3aacb000 	C:\WINDOWS\System32\ucrtbase.dll
0x00007ffb35130000 - 0x00007ffb35149000 	D:\Jdk21\bin\jli.dll
0x00007ffb3b2d0000 - 0x00007ffb3b384000 	C:\WINDOWS\System32\ADVAPI32.dll
0x00007ffb36cd0000 - 0x00007ffb36ceb000 	D:\Jdk21\bin\VCRUNTIME140.dll
0x00007ffb3c640000 - 0x00007ffb3c6e9000 	C:\WINDOWS\System32\msvcrt.dll
0x00007ffb3c270000 - 0x00007ffb3c316000 	C:\WINDOWS\System32\sechost.dll
0x00007ffb3bd50000 - 0x00007ffb3be68000 	C:\WINDOWS\System32\RPCRT4.dll
0x00007ffb3c860000 - 0x00007ffb3ca2c000 	C:\WINDOWS\System32\USER32.dll
0x00007ffb29560000 - 0x00007ffb297fa000 	C:\WINDOWS\WinSxS\amd64_microsoft.windows.common-controls_6595b64144ccf1df_6.0.26100.4484_none_3e0e6d4ce32ef3b3\COMCTL32.dll
0x00007ffb3a670000 - 0x00007ffb3a697000 	C:\WINDOWS\System32\win32u.dll
0x00007ffb3c0a0000 - 0x00007ffb3c0cb000 	C:\WINDOWS\System32\GDI32.dll
0x00007ffb3b180000 - 0x00007ffb3b2b7000 	C:\WINDOWS\System32\gdi32full.dll
0x00007ffb3aad0000 - 0x00007ffb3ab73000 	C:\WINDOWS\System32\msvcp_win.dll
0x00007ffb2b8d0000 - 0x00007ffb2b8db000 	C:\WINDOWS\SYSTEM32\VERSION.dll
0x00007ffb3c230000 - 0x00007ffb3c25f000 	C:\WINDOWS\System32\IMM32.DLL
0x00007ffb371d0000 - 0x00007ffb371dc000 	D:\Jdk21\bin\vcruntime140_1.dll
0x00007ffb2bf20000 - 0x00007ffb2bfae000 	D:\Jdk21\bin\msvcp140.dll
0x00007ffac8120000 - 0x00007ffac8e3a000 	D:\Jdk21\bin\server\jvm.dll
0x00007ffb3b390000 - 0x00007ffb3b404000 	C:\WINDOWS\System32\WS2_32.dll
0x00007ffb3a4e0000 - 0x00007ffb3a53e000 	C:\WINDOWS\SYSTEM32\POWRPROF.dll
0x00007ffb29800000 - 0x00007ffb29835000 	C:\WINDOWS\SYSTEM32\WINMM.dll
0x00007ffb3a4c0000 - 0x00007ffb3a4d4000 	C:\WINDOWS\SYSTEM32\UMPDC.dll
0x00007ffb39410000 - 0x00007ffb3942b000 	C:\WINDOWS\SYSTEM32\kernel.appcore.dll
0x00007ffb36c70000 - 0x00007ffb36c7a000 	D:\Jdk21\bin\jimage.dll
0x00007ffb37f80000 - 0x00007ffb381c1000 	C:\WINDOWS\SYSTEM32\DBGHELP.DLL
0x00007ffb3d0c0000 - 0x00007ffb3d446000 	C:\WINDOWS\System32\combase.dll
0x00007ffb3c3a0000 - 0x00007ffb3c480000 	C:\WINDOWS\System32\OLEAUT32.dll
0x00007ffb28730000 - 0x00007ffb28773000 	C:\WINDOWS\SYSTEM32\dbgcore.DLL
0x00007ffb3a6a0000 - 0x00007ffb3a739000 	C:\WINDOWS\System32\bcryptPrimitives.dll
0x00007ffb30b60000 - 0x00007ffb30b7f000 	D:\Jdk21\bin\java.dll
0x00007ffb3b570000 - 0x00007ffb3bcba000 	C:\WINDOWS\System32\SHELL32.dll
0x00007ffb3a740000 - 0x00007ffb3a8b4000 	C:\WINDOWS\System32\wintypes.dll
0x00007ffb382d0000 - 0x00007ffb38b2b000 	C:\WINDOWS\SYSTEM32\windows.storage.dll
0x00007ffb3be70000 - 0x00007ffb3bf65000 	C:\WINDOWS\System32\SHCORE.dll
0x00007ffb3c320000 - 0x00007ffb3c38a000 	C:\WINDOWS\System32\shlwapi.dll
0x00007ffb3a580000 - 0x00007ffb3a5af000 	C:\WINDOWS\SYSTEM32\profapi.dll
0x00007ffb0bc50000 - 0x00007ffb0bd27000 	D:\Jdk21\bin\jsvml.dll
0x00007ffae2c20000 - 0x00007ffae2daf000 	D:\Jdk21\bin\awt.dll
0x00007ffb34a00000 - 0x00007ffb34a9e000 	C:\WINDOWS\SYSTEM32\apphelp.dll
0x00007ffb36b70000 - 0x00007ffb36b80000 	D:\Jdk21\bin\net.dll
0x00007ffb31ea0000 - 0x00007ffb31fbe000 	C:\WINDOWS\SYSTEM32\WINHTTP.dll
0x00007ffb399a0000 - 0x00007ffb39a0a000 	C:\WINDOWS\system32\mswsock.dll
0x00007ffb30830000 - 0x00007ffb30846000 	D:\Jdk21\bin\nio.dll
0x00007ffb306a0000 - 0x00007ffb306b8000 	D:\Jdk21\bin\zip.dll
0x00007ffb34c90000 - 0x00007ffb34d3f000 	C:\WINDOWS\system32\uxtheme.dll
0x00007ffb3c6f0000 - 0x00007ffb3c850000 	C:\WINDOWS\System32\MSCTF.dll
0x00007ffb3c490000 - 0x00007ffb3c62e000 	C:\WINDOWS\System32\ole32.dll
0x00007ffb38e80000 - 0x00007ffb38fa6000 	C:\WINDOWS\SYSTEM32\DNSAPI.dll
0x00007ffb38e40000 - 0x00007ffb38e73000 	C:\WINDOWS\SYSTEM32\IPHLPAPI.DLL
0x00007ffb3b460000 - 0x00007ffb3b46a000 	C:\WINDOWS\System32\NSI.dll
0x000000006f650000 - 0x000000006f676000 	C:\Program Files\Bonjour\mdnsNSP.dll
0x00007ffb31600000 - 0x00007ffb3160b000 	C:\Windows\System32\rasadhlp.dll
0x00007ffb32d00000 - 0x00007ffb32d86000 	C:\WINDOWS\System32\fwpuclnt.dll
0x00007ffb2f3e0000 - 0x00007ffb2f3e9000 	D:\Jdk21\bin\extnet.dll
0x00007ffb39c50000 - 0x00007ffb39c6b000 	C:\WINDOWS\SYSTEM32\CRYPTSP.dll
0x00007ffb39370000 - 0x00007ffb393ab000 	C:\WINDOWS\system32\rsaenh.dll
0x00007ffb39a40000 - 0x00007ffb39a6b000 	C:\WINDOWS\SYSTEM32\USERENV.dll
0x00007ffb3a550000 - 0x00007ffb3a576000 	C:\WINDOWS\SYSTEM32\bcrypt.dll
0x00007ffb39c70000 - 0x00007ffb39c7c000 	C:\WINDOWS\SYSTEM32\CRYPTBASE.dll
0x00007ffb30b50000 - 0x00007ffb30b5e000 	D:\Jdk21\bin\sunmscapi.dll
0x00007ffb3af70000 - 0x00007ffb3b0e7000 	C:\WINDOWS\System32\CRYPT32.dll
0x00007ffb39e70000 - 0x00007ffb39ea0000 	C:\WINDOWS\SYSTEM32\ncrypt.dll
0x00007ffb39e20000 - 0x00007ffb39e5f000 	C:\WINDOWS\SYSTEM32\NTASN1.dll

dbghelp: loaded successfully - version: 4.0.5 - missing functions: none
symbol engine: initialized successfully - sym options: 0x614 - pdb path: .;D:\Jdk21\bin;C:\WINDOWS\SYSTEM32;C:\WINDOWS\WinSxS\amd64_microsoft.windows.common-controls_6595b64144ccf1df_6.0.26100.4484_none_3e0e6d4ce32ef3b3;D:\Jdk21\bin\server;C:\Program Files\Bonjour

VM Arguments:
jvm_args: -Dfile.encoding=UTF-8 -Dstdout.encoding=UTF-8 -Dstderr.encoding=UTF-8 -XX:+ShowCodeDetailsInExceptionMessages 
java_command: lotr.Logic.LotR
java_class_path (initial): D:\Eclipse\LotRGame\bin;D:\Downloads\mysql-connector-j-9.3.0\mysql-connector-j-9.3.0\mysql-connector-j-9.3.0.jar
Launcher Type: SUN_STANDARD

[Global flags]
     intx CICompilerCount                          = 12                                        {product} {ergonomic}
     uint ConcGCThreads                            = 3                                         {product} {ergonomic}
     uint G1ConcRefinementThreads                  = 13                                        {product} {ergonomic}
   size_t G1HeapRegionSize                         = 2097152                                   {product} {ergonomic}
    uintx GCDrainStackTargetSize                   = 64                                        {product} {ergonomic}
   size_t InitialHeapSize                          = 264241152                                 {product} {ergonomic}
   size_t MarkStackSize                            = 4194304                                   {product} {ergonomic}
   size_t MaxHeapSize                              = 4215275520                                {product} {ergonomic}
   size_t MaxNewSize                               = 2529165312                                {product} {ergonomic}
   size_t MinHeapDeltaBytes                        = 2097152                                   {product} {ergonomic}
   size_t MinHeapSize                              = 8388608                                   {product} {ergonomic}
    uintx NonNMethodCodeHeapSize                   = 7602480                                {pd product} {ergonomic}
    uintx NonProfiledCodeHeapSize                  = 122027880                              {pd product} {ergonomic}
    uintx ProfiledCodeHeapSize                     = 122027880                              {pd product} {ergonomic}
    uintx ReservedCodeCacheSize                    = 251658240                              {pd product} {ergonomic}
     bool SegmentedCodeCache                       = true                                      {product} {ergonomic}
     bool ShowCodeDetailsInExceptionMessages       = true                                   {manageable} {command line}
   size_t SoftMaxHeapSize                          = 4215275520                             {manageable} {ergonomic}
     bool UseCompressedOops                        = true                           {product lp64_product} {ergonomic}
     bool UseG1GC                                  = true                                      {product} {ergonomic}
     bool UseLargePagesIndividualAllocation        = false                                  {pd product} {ergonomic}

Logging:
Log output configuration:
 #0: stdout all=warning uptime,level,tags foldmultilines=false
 #1: stderr all=off uptime,level,tags foldmultilines=false

Environment Variables:
JAVA_HOME=D:\Jdk21
PATH=C:\Program Files\Common Files\Oracle\Java\javapath;C:\WINDOWS\system32;C:\WINDOWS;C:\WINDOWS\System32\Wbem;C:\WINDOWS\System32\WindowsPowerShell\v1.0\;C:\WINDOWS\System32\OpenSSH\;D:\Git\cmd;%JAVA_HOME%\bin\;C:\Users\Szil\AppData\Local\nvm;C:\nvm4w\nodejs;C:\Program Files\MySQL\MySQL Shell 8.0\bin\;C:\Users\Szil\AppData\Local\Microsoft\WindowsApps;C:\Users\Szil\AppData\Local\GitHubDesktop\bin;D:\Downloads\apache-maven-3.9.9-bin\apache-maven-3.9.9\bin;D:\Git\mingw64\bin;D:\WebStorm\WebStorm 2024.3.5\bin;;C:\Users\Szil\AppData\Local\nvm;C:\nvm4w\nodejs;C:\nvm4w\nodejs;
USERNAME=Szil
OS=Windows_NT
PROCESSOR_IDENTIFIER=Intel64 Family 6 Model 154 Stepping 3, GenuineIntel
TMP=C:\Users\Szil\AppData\Local\Temp
TEMP=C:\Users\Szil\AppData\Local\Temp




Periodic native trim disabled

---------------  S Y S T E M  ---------------

OS:
 Windows 11 , 64 bit Build 26100 (10.0.26100.4484)
OS uptime: 7 days 5:13 hours

CPU: total 16 (initial active 16) (8 cores per cpu, 2 threads per core) family 6 model 154 stepping 3 microcode 0x41e, cx8, cmov, fxsr, ht, mmx, 3dnowpref, sse, sse2, sse3, ssse3, sse4.1, sse4.2, popcnt, lzcnt, tsc, tscinvbit, avx, avx2, aes, erms, clmul, bmi1, bmi2, adx, sha, fma, vzeroupper, clflush, clflushopt, clwb, serialize, rdtscp, rdpid, fsrm, f16c, pku, cet_ibt, cet_ss
Processor Information for processor 0
  Max Mhz: 2500, Current Mhz: 2500, Mhz Limit: 2500
Processor Information for processor 1
  Max Mhz: 2500, Current Mhz: 2500, Mhz Limit: 2500
Processor Information for processor 2
  Max Mhz: 2500, Current Mhz: 2500, Mhz Limit: 2500
Processor Information for processor 3
  Max Mhz: 2500, Current Mhz: 2500, Mhz Limit: 2500
Processor Information for processor 4
  Max Mhz: 2500, Current Mhz: 2500, Mhz Limit: 2500
Processor Information for processor 5
  Max Mhz: 2500, Current Mhz: 2500, Mhz Limit: 2500
Processor Information for processor 6
  Max Mhz: 2500, Current Mhz: 2500, Mhz Limit: 2500
Processor Information for processor 7
  Max Mhz: 2500, Current Mhz: 2500, Mhz Limit: 2500
Processor Information for processor 8
  Max Mhz: 2500, Current Mhz: 1800, Mhz Limit: 1800
Processor Information for processor 9
  Max Mhz: 2500, Current Mhz: 1800, Mhz Limit: 1800
Processor Information for processor 10
  Max Mhz: 2500, Current Mhz: 1800, Mhz Limit: 1800
Processor Information for processor 11
  Max Mhz: 2500, Current Mhz: 1800, Mhz Limit: 1800
Processor Information for processor 12
  Max Mhz: 2500, Current Mhz: 1800, Mhz Limit: 1800
Processor Information for processor 13
  Max Mhz: 2500, Current Mhz: 1800, Mhz Limit: 1800
Processor Information for processor 14
  Max Mhz: 2500, Current Mhz: 1800, Mhz Limit: 1800
Processor Information for processor 15
  Max Mhz: 2500, Current Mhz: 1800, Mhz Limit: 1800

Memory: 4k page, system-wide physical 16077M (1291M free)
TotalPageFile size 28799M (AvailPageFile size 21M)
current process WorkingSet (physical memory assigned to process): 97M, peak: 97M
current process commit charge ("private bytes"): 385M, peak: 386M

vm_info: Java HotSpot(TM) 64-Bit Server VM (21.0.6+8-LTS-188) for windows-amd64 JRE (21.0.6+8-LTS-188), built on 2024-12-03T10:50:54Z by "mach5one" with MS VC++ 17.6 (VS2022)

END.
